/Users/jamiecraik/.Cortex-OS/packages/cortex-structure-github/vitest.config.ts:0:0: warning File ignored because no matching configuration was supplied.
/Users/jamiecraik/.Cortex-OS/packages/cortex-structure-github/tests/security-validators.test.ts:0:0: warning File ignored because no matching configuration was supplied.
/Users/jamiecraik/.Cortex-OS/packages/cortex-structure-github/tests/unit/progress-updater.edge-warnings.test.ts:0:0: warning File ignored because no matching configuration was supplied.
/Users/jamiecraik/.Cortex-OS/packages/cortex-structure-github/tests/setup/vitest.setup.ts:0:0: warning File ignored because no matching configuration was supplied.
/Users/jamiecraik/.Cortex-OS/packages/cortex-structure-github/tests/integration/progress-updater-integration.test.ts:0:0: warning File ignored because no matching configuration was supplied.
/Users/jamiecraik/.Cortex-OS/packages/cortex-structure-github/tests/integration/webhook.issue_comment.help.positive.test.ts:0:0: warning File ignored because no matching configuration was supplied.
/Users/jamiecraik/.Cortex-OS/packages/cortex-structure-github/tests/integration/webhook.issue_comment.positive.test.ts:0:0: warning File ignored because no matching configuration was supplied.
/Users/jamiecraik/.Cortex-OS/packages/cortex-structure-github/tests/integration/webhook.positive.test.ts:0:0: warning File ignored because no matching configuration was supplied.
/Users/jamiecraik/.Cortex-OS/packages/cortex-structure-github/tests/integration/webhook.signature.test.ts:0:0: warning File ignored because no matching configuration was supplied.
/Users/jamiecraik/.Cortex-OS/packages/cortex-structure-github/src/types/github-api-types.ts:0:0: warning File ignored because no matching configuration was supplied.
/Users/jamiecraik/.Cortex-OS/packages/cortex-structure-github/src/test/structure-validator.test.ts:0:0: warning File ignored because no matching configuration was supplied.
/Users/jamiecraik/.Cortex-OS/packages/cortex-structure-github/src/server/app.ts:0:0: warning File ignored because no matching configuration was supplied.
/Users/jamiecraik/.Cortex-OS/packages/cortex-structure-github/src/server/start.ts:0:0: warning File ignored because no matching configuration was supplied.
/Users/jamiecraik/.Cortex-OS/packages/cortex-structure-github/src/lib/backend-scaffolding-rules.ts:0:0: warning File ignored because no matching configuration was supplied.
/Users/jamiecraik/.Cortex-OS/packages/cortex-structure-github/src/lib/backend-structure-agent.ts:0:0: warning File ignored because no matching configuration was supplied.
/Users/jamiecraik/.Cortex-OS/packages/cortex-structure-github/src/lib/context-analyzer.ts:0:0: warning File ignored because no matching configuration was supplied.
/Users/jamiecraik/.Cortex-OS/packages/cortex-structure-github/src/lib/frontend-scaffolding-rules.ts:0:0: warning File ignored because no matching configuration was supplied.
/Users/jamiecraik/.Cortex-OS/packages/cortex-structure-github/src/lib/frontend-structure-agent.ts:0:0: warning File ignored because no matching configuration was supplied.
/Users/jamiecraik/.Cortex-OS/packages/cortex-structure-github/src/lib/progress-updater.ts:0:0: warning File ignored because no matching configuration was supplied.
/Users/jamiecraik/.Cortex-OS/packages/cortex-structure-github/src/lib/security-validators.ts:0:0: warning File ignored because no matching configuration was supplied.
/Users/jamiecraik/.Cortex-OS/packages/cortex-structure-github/src/core/auto-fix-engine.ts:0:0: warning File ignored because no matching configuration was supplied.
/Users/jamiecraik/.Cortex-OS/packages/cortex-structure-github/src/core/structure-validator.ts:0:0: warning File ignored because no matching configuration was supplied.