/Users/jamiecraik/.Cortex-OS/packages/cortex-ai-github/simple-webhook.test.ts:0:0: warning File ignored because no matching configuration was supplied.
/Users/jamiecraik/.Cortex-OS/packages/cortex-ai-github/test-simple.test.ts:0:0: warning File ignored because no matching configuration was supplied.
/Users/jamiecraik/.Cortex-OS/packages/cortex-ai-github/vitest.config.ts:0:0: warning File ignored because no matching configuration was supplied.
/Users/jamiecraik/.Cortex-OS/packages/cortex-ai-github/tests/webhook-types.test.ts:0:0: warning File ignored because no matching configuration was supplied.
/Users/jamiecraik/.Cortex-OS/packages/cortex-ai-github/tests/setup/vitest.setup.ts:0:0: warning File ignored because no matching configuration was supplied.
/Users/jamiecraik/.Cortex-OS/packages/cortex-ai-github/tests/integration/github-app-integration.test.ts:0:0: warning File ignored because no matching configuration was supplied.
/Users/jamiecraik/.Cortex-OS/packages/cortex-ai-github/tests/integration/webhook.signature.test.ts:0:0: warning File ignored because no matching configuration was supplied.
/Users/jamiecraik/.Cortex-OS/packages/cortex-ai-github/src/index.ts:0:0: warning File ignored because no matching configuration was supplied.
/Users/jamiecraik/.Cortex-OS/packages/cortex-ai-github/src/types/github-models.ts:0:0: warning File ignored because no matching configuration was supplied.
/Users/jamiecraik/.Cortex-OS/packages/cortex-ai-github/src/types/webhook-types.ts:0:0: warning File ignored because no matching configuration was supplied.
/Users/jamiecraik/.Cortex-OS/packages/cortex-ai-github/src/test/debug.test.ts:0:0: warning File ignored because no matching configuration was supplied.
/Users/jamiecraik/.Cortex-OS/packages/cortex-ai-github/src/test/scheduler.test.ts:0:0: warning File ignored because no matching configuration was supplied.
/Users/jamiecraik/.Cortex-OS/packages/cortex-ai-github/src/test/webhook-server-lifecycle.test.ts:0:0: warning File ignored because no matching configuration was supplied.
/Users/jamiecraik/.Cortex-OS/packages/cortex-ai-github/src/test/webhook-server-minimal.test.ts:0:0: warning File ignored because no matching configuration was supplied.
/Users/jamiecraik/.Cortex-OS/packages/cortex-ai-github/src/test/webhook-server.test.ts:0:0: warning File ignored because no matching configuration was supplied.
/Users/jamiecraik/.Cortex-OS/packages/cortex-ai-github/src/server/start.ts:0:0: warning File ignored because no matching configuration was supplied.
/Users/jamiecraik/.Cortex-OS/packages/cortex-ai-github/src/server/webhook-server.ts:0:0: warning File ignored because no matching configuration was supplied.
/Users/jamiecraik/.Cortex-OS/packages/cortex-ai-github/src/lib/command-parser.ts:0:0: warning File ignored because no matching configuration was supplied.
/Users/jamiecraik/.Cortex-OS/packages/cortex-ai-github/src/lib/fetch-with-timeout.ts:0:0: warning File ignored because no matching configuration was supplied.
/Users/jamiecraik/.Cortex-OS/packages/cortex-ai-github/src/lib/github-response.ts:0:0: warning File ignored because no matching configuration was supplied.
/Users/jamiecraik/.Cortex-OS/packages/cortex-ai-github/src/lib/logger.ts:0:0: warning File ignored because no matching configuration was supplied.
/Users/jamiecraik/.Cortex-OS/packages/cortex-ai-github/src/lib/mlx-engine.ts:0:0: warning File ignored because no matching configuration was supplied.
/Users/jamiecraik/.Cortex-OS/packages/cortex-ai-github/src/lib/model-client.ts:0:0: warning File ignored because no matching configuration was supplied.
/Users/jamiecraik/.Cortex-OS/packages/cortex-ai-github/src/lib/rate-limiter.ts:0:0: warning File ignored because no matching configuration was supplied.
/Users/jamiecraik/.Cortex-OS/packages/cortex-ai-github/src/lib/reactions.ts:0:0: warning File ignored because no matching configuration was supplied.
/Users/jamiecraik/.Cortex-OS/packages/cortex-ai-github/src/lib/system-prompts.ts:0:0: warning File ignored because no matching configuration was supplied.
/Users/jamiecraik/.Cortex-OS/packages/cortex-ai-github/src/lib/webhook-validator.ts:0:0: warning File ignored because no matching configuration was supplied.
/Users/jamiecraik/.Cortex-OS/packages/cortex-ai-github/src/core/ai-github-app.ts:0:0: warning File ignored because no matching configuration was supplied.
/Users/jamiecraik/.Cortex-OS/packages/cortex-ai-github/src/core/scheduler.ts:0:0: warning File ignored because no matching configuration was supplied.